<?xml version="1.0" encoding="UTF-8"?>
<testng-results skipped="0" failed="0" ignored="0" total="2" passed="2">
  <reporter-output>
  </reporter-output>
  <suite name="CommonSuite" duration-ms="7616" started-at="2025-02-18T16:25:26Z" finished-at="2025-02-18T16:25:33Z">
    <groups>
    </groups>
    <test name="Google Test" duration-ms="4415" started-at="2025-02-18T16:25:26Z" finished-at="2025-02-18T16:25:30Z">
      <class name="sample1.SampleTest1">
        <test-method status="PASS" signature="loadGoogle()[pri:0, instance:sample1.SampleTest1@490ab905]" name="loadGoogle" duration-ms="3414" started-at="2025-02-18T21:55:26Z" finished-at="2025-02-18T21:55:29Z">
          <reporter-output>
          </reporter-output>
        </test-method> <!-- loadGoogle -->
        <test-method status="PASS" signature="tearDown()[pri:0, instance:sample1.SampleTest1@490ab905]" name="tearDown" is-config="true" duration-ms="970" started-at="2025-02-18T21:55:29Z" finished-at="2025-02-18T21:55:30Z">
          <reporter-output>
          </reporter-output>
        </test-method> <!-- tearDown -->
      </class> <!-- sample1.SampleTest1 -->
    </test> <!-- Google Test -->
    <test name="Bing Test" duration-ms="3191" started-at="2025-02-18T16:25:30Z" finished-at="2025-02-18T16:25:33Z">
      <class name="sampleTest2_Version2.SampleTest2_Version2">
        <test-method status="PASS" signature="loadGoogle()[pri:0, instance:sampleTest2_Version2.SampleTest2_Version2@544fe44c]" name="loadGoogle" duration-ms="2870" started-at="2025-02-18T21:55:30Z" finished-at="2025-02-18T21:55:33Z">
          <reporter-output>
          </reporter-output>
        </test-method> <!-- loadGoogle -->
        <test-method status="PASS" signature="tearDown()[pri:0, instance:sampleTest2_Version2.SampleTest2_Version2@544fe44c]" name="tearDown" is-config="true" duration-ms="320" started-at="2025-02-18T21:55:33Z" finished-at="2025-02-18T21:55:33Z">
          <reporter-output>
          </reporter-output>
        </test-method> <!-- tearDown -->
      </class> <!-- sampleTest2_Version2.SampleTest2_Version2 -->
    </test> <!-- Bing Test -->
  </suite> <!-- CommonSuite -->
</testng-results>
